epoch: 50
AUC_ROC_SCORE: 0.8510995544249812
AUC_PR_SCORE: 0.694229753265238
DICE: 0.3807899742032388

epoch: 100
AUC_ROC_SCORE: 0.941051628093748
AUC_PR_SCORE: 0.8322277161190383
DICE: 0.5141415714551726

epoch: 150
AUC_ROC_SCORE: 0.9377290839285155
AUC_PR_SCORE: 0.8416848631730807
DICE: 0.6190982089248235

epoch: 200
AUC_ROC_SCORE: 0.9533587965601792
AUC_PR_SCORE: 0.853436369105067
DICE: 0.6692873075583687

epoch: 250
AUC_ROC_SCORE: 0.9345385811342086
AUC_PR_SCORE: 0.8130840587723615
DICE: 0.7077808939504598

epoch: 300
AUC_ROC_SCORE: 0.9194128623015876
AUC_PR_SCORE: 0.7908242984123407
DICE: 0.6729235290151395

epoch: 350
AUC_ROC_SCORE: 0.915277654722748
AUC_PR_SCORE: 0.7944663833862945
DICE: 0.7287489359587399

epoch: 400
AUC_ROC_SCORE: 0.8784715017012111
AUC_PR_SCORE: 0.7529209965223077
DICE: 0.6969103331395344

epoch: 450
AUC_ROC_SCORE: 0.919630836685483
AUC_PR_SCORE: 0.8014146839326739
DICE: 0.7283722493501763

epoch: 500
AUC_ROC_SCORE: 0.9507330713969219
AUC_PR_SCORE: 0.8427182833678345
DICE: 0.7432747825511937

epoch: 550
AUC_ROC_SCORE: 0.9519266848808603
AUC_PR_SCORE: 0.8400738532998656
DICE: 0.7537786510217798

epoch: 600
AUC_ROC_SCORE: 0.9247466935631432
AUC_PR_SCORE: 0.8026967317815829
DICE: 0.7286570376795416

epoch: 650
AUC_ROC_SCORE: 0.9499842105880576
AUC_PR_SCORE: 0.8384741317921655
DICE: 0.75709811407285

epoch: 700
AUC_ROC_SCORE: 0.9237705742894328
AUC_PR_SCORE: 0.8007462215624015
DICE: 0.7324495432558668

epoch: 750
AUC_ROC_SCORE: 0.9269308181511797
AUC_PR_SCORE: 0.7995058778135452
DICE: 0.7339391189790735

epoch: 800
AUC_ROC_SCORE: 0.9079574312568852
AUC_PR_SCORE: 0.7823524923919009
DICE: 0.7171382584022672

epoch: 850
AUC_ROC_SCORE: 0.9453102047748058
AUC_PR_SCORE: 0.8378220174897969
DICE: 0.7610353076802332

epoch: 900
AUC_ROC_SCORE: 0.9372267723767791
AUC_PR_SCORE: 0.825392765627015
DICE: 0.7515716418150586

epoch: 950
AUC_ROC_SCORE: 0.9349426684849882
AUC_PR_SCORE: 0.8088732363011255
DICE: 0.7426374221641883

epoch: 1000
AUC_ROC_SCORE: 0.9436194996886079
AUC_PR_SCORE: 0.8249831135152287
DICE: 0.7556200072109348

