epoch: 50
AUC_ROC_SCORE: 0.8622891484096433
AUC_PR_SCORE: 0.74704735086017
DICE: 0.3583320390243638

epoch: 100
AUC_ROC_SCORE: 0.9569063392951194
AUC_PR_SCORE: 0.856384404062766
DICE: 0.4796528651308414

epoch: 150
AUC_ROC_SCORE: 0.9642726853237849
AUC_PR_SCORE: 0.8716457481502242
DICE: 0.6096767994435718

epoch: 200
AUC_ROC_SCORE: 0.9637166252602509
AUC_PR_SCORE: 0.870927059373836
DICE: 0.662676550519783

epoch: 250
AUC_ROC_SCORE: 0.9584021333761669
AUC_PR_SCORE: 0.8588191894253978
DICE: 0.6968685349913749

epoch: 300
AUC_ROC_SCORE: 0.957968458375725
AUC_PR_SCORE: 0.85973302472696
DICE: 0.7176185952917591

epoch: 350
AUC_ROC_SCORE: 0.9534825519400443
AUC_PR_SCORE: 0.8544163759242538
DICE: 0.7249372251276606

epoch: 400
AUC_ROC_SCORE: 0.9530529086244895
AUC_PR_SCORE: 0.8549139384280331
DICE: 0.7369839311439431

epoch: 450
AUC_ROC_SCORE: 0.9522865351557186
AUC_PR_SCORE: 0.853775739671427
DICE: 0.7444764886088729

epoch: 500
AUC_ROC_SCORE: 0.9561547639411543
AUC_PR_SCORE: 0.8603926433551272
DICE: 0.7567787878079605

epoch: 550
AUC_ROC_SCORE: 0.9510620016037327
AUC_PR_SCORE: 0.8522192170849876
DICE: 0.7350767747222371

epoch: 600
AUC_ROC_SCORE: 0.9488371112521266
AUC_PR_SCORE: 0.8540678069861056
DICE: 0.7484686543035457

epoch: 650
AUC_ROC_SCORE: 0.9522582714496134
AUC_PR_SCORE: 0.8576867833969581
DICE: 0.7608838079575242

epoch: 700
AUC_ROC_SCORE: 0.9533703746296502
AUC_PR_SCORE: 0.8570496223931394
DICE: 0.7653701056271051

epoch: 750
AUC_ROC_SCORE: 0.9508341854189287
AUC_PR_SCORE: 0.8569993674053321
DICE: 0.7609115712977873

epoch: 800
AUC_ROC_SCORE: 0.9454211362832718
AUC_PR_SCORE: 0.8493014554805969
DICE: 0.7486156039814997

epoch: 850
AUC_ROC_SCORE: 0.9470171295410561
AUC_PR_SCORE: 0.8576972778761796
DICE: 0.7593572753393091

epoch: 900
AUC_ROC_SCORE: 0.9511945203195935
AUC_PR_SCORE: 0.8574066325761547
DICE: 0.7698867619050869

epoch: 950
AUC_ROC_SCORE: 0.9436859506899142
AUC_PR_SCORE: 0.8497918150042628
DICE: 0.7668228890605294

epoch: 1000
AUC_ROC_SCORE: 0.9485748264315252
AUC_PR_SCORE: 0.8547698187924304
DICE: 0.7670624353956353

